<?xml version="1.0" encoding="UTF-8"?>
<testsuite xmlns:xsi="http://www.w3.org/2001/XMLSchema-instance" xsi:noNamespaceSchemaLocation="https://maven.apache.org/surefire/maven-surefire-plugin/xsd/surefire-test-report-3.0.xsd" version="3.0" name="cn.tcmeta.logintest.LoginTestApplicationTests" time="147.034" tests="19" errors="2" skipped="0" failures="0">
  <properties>
[...]
</properties>
  <testcase name="TC_LOGIN_003T(WebDriver)" classname="cn.tcmeta.logintest.LoginTestApplicationTests" time="26.866">
    <system-out><![CDATA[正向流程_正常登录
打开登录界面
手机号校验_手机号为空
打开登录界面
界面UI_登录页面元素显示
打开登录页
使用谷歌浏览器使用谷歌浏览器使用谷歌浏览器使用谷歌浏览器19:21:44.539 [ForkJoinPool-1-worker-4] WARN io.github.bonigarcia.wdm.versions.VersionDetector -- Error reading commands.properties, using local instead
19:21:44.539 [ForkJoinPool-1-worker-1] WARN io.github.bonigarcia.wdm.versions.VersionDetector -- Error reading commands.properties, using local instead
19:21:44.539 [ForkJoinPool-1-worker-2] WARN io.github.bonigarcia.wdm.versions.VersionDetector -- Error reading commands.properties, using local instead
19:21:44.539 [ForkJoinPool-1-worker-3] WARN io.github.bonigarcia.wdm.versions.VersionDetector -- Error reading commands.properties, using local instead
19:21:45.880 [ForkJoinPool-1-worker-1] INFO io.github.bonigarcia.wdm.WebDriverManager -- Using chromedriver 146.0.7680.80 (resolved driver for Chrome 146)
19:21:45.883 [ForkJoinPool-1-worker-3] INFO io.github.bonigarcia.wdm.WebDriverManager -- Using chromedriver 146.0.7680.80 (resolved driver for Chrome 146)
19:21:45.904 [ForkJoinPool-1-worker-2] INFO io.github.bonigarcia.wdm.WebDriverManager -- Using chromedriver 146.0.7680.80 (resolved driver for Chrome 146)
19:21:45.913 [ForkJoinPool-1-worker-4] INFO io.github.bonigarcia.wdm.WebDriverManager -- Using chromedriver 146.0.7680.80 (resolved driver for Chrome 146)
19:21:45.978 [ForkJoinPool-1-worker-2] INFO io.github.bonigarcia.wdm.WebDriverManager -- Exporting webdriver.chrome.driver as D:\selenium-driver\chromedriver\win64\146.0.7680.80\chromedriver.exe
19:21:45.981 [ForkJoinPool-1-worker-3] INFO io.github.bonigarcia.wdm.WebDriverManager -- Exporting webdriver.chrome.driver as D:\selenium-driver\chromedriver\win64\146.0.7680.80\chromedriver.exe
19:21:45.982 [ForkJoinPool-1-worker-4] INFO io.github.bonigarcia.wdm.WebDriverManager -- Exporting webdriver.chrome.driver as D:\selenium-driver\chromedriver\win64\146.0.7680.80\chromedriver.exe
19:21:45.988 [ForkJoinPool-1-worker-1] INFO io.github.bonigarcia.wdm.WebDriverManager -- Exporting webdriver.chrome.driver as D:\selenium-driver\chromedriver\win64\146.0.7680.80\chromedriver.exe
手机号校验_手机号不足11位
打开登录界面
使用谷歌浏览器手机号校验_手机号超过11位
打开登录界面
手机号校验_手机号格式非法（非标准号段）
打开登录界面
输入用户名
手机号校验_手机号包含非数字字符
打开登录界面
19:21:46.956 [ForkJoinPool-1-worker-5] INFO io.github.bonigarcia.wdm.WebDriverManager -- Using chromedriver 146.0.7680.80 (resolved driver for Chrome 146)
19:21:46.980 [ForkJoinPool-1-worker-5] INFO io.github.bonigarcia.wdm.WebDriverManager -- Exporting webdriver.chrome.driver as D:\selenium-driver\chromedriver\win64\146.0.7680.80\chromedriver.exe
手机号校验_手机号未注册
打开登录界面
输入用户名
使用谷歌浏览器19:22:07.968 [ForkJoinPool-1-worker-7] INFO io.github.bonigarcia.wdm.WebDriverManager -- Using chromedriver 146.0.7680.80 (resolved driver for Chrome 146)
19:22:08.004 [ForkJoinPool-1-worker-7] INFO io.github.bonigarcia.wdm.WebDriverManager -- Exporting webdriver.chrome.driver as D:\selenium-driver\chromedriver\win64\146.0.7680.80\chromedriver.exe
]]></system-out>
    <system-err><![CDATA[3月 16, 2026 7:21:53 下午 org.openqa.selenium.devtools.CdpVersionFinder findNearestMatch
警告: Unable to find an exact match for CDP version 146, returning the closest version; found: 145; Please update to a Selenium version that supports CDP version 146
3月 16, 2026 7:21:53 下午 org.openqa.selenium.devtools.CdpVersionFinder findNearestMatch
警告: Unable to find an exact match for CDP version 146, returning the closest version; found: 145; Please update to a Selenium version that supports CDP version 146
3月 16, 2026 7:21:53 下午 org.openqa.selenium.devtools.CdpVersionFinder findNearestMatch
警告: Unable to find an exact match for CDP version 146, returning the closest version; found: 145; Please update to a Selenium version that supports CDP version 146
3月 16, 2026 7:21:53 下午 org.openqa.selenium.devtools.CdpVersionFinder findNearestMatch
警告: Unable to find an exact match for CDP version 146, returning the closest version; found: 145; Please update to a Selenium version that supports CDP version 146
3月 16, 2026 7:21:53 下午 org.openqa.selenium.devtools.CdpVersionFinder findNearestMatch
警告: Unable to find an exact match for CDP version 146, returning the closest version; found: 145; Please update to a Selenium version that supports CDP version 146
]]></system-err>
  </testcase>
  <testcase name="TC_LOGIN_004T(WebDriver)" classname="cn.tcmeta.logintest.LoginTestApplicationTests" time="35.756">
    <system-out><![CDATA[密码校验_密码为空
打开登录界面
使用谷歌浏览器]]></system-out>
    <system-err><![CDATA[3月 16, 2026 7:22:13 下午 org.openqa.selenium.devtools.CdpVersionFinder findNearestMatch
警告: Unable to find an exact match for CDP version 146, returning the closest version; found: 145; Please update to a Selenium version that supports CDP version 146
]]></system-err>
  </testcase>
  <testcase name="TC_LOGIN_001T(WebDriver)" classname="cn.tcmeta.logintest.LoginTestApplicationTests" time="41.298">
    <system-out><![CDATA[密码校验_密码长度小于6位
打开登录界面
19:22:22.678 [ForkJoinPool-1-worker-4] INFO io.github.bonigarcia.wdm.WebDriverManager -- Using chromedriver 146.0.7680.80 (resolved driver for Chrome 146)
19:22:22.731 [ForkJoinPool-1-worker-4] INFO io.github.bonigarcia.wdm.WebDriverManager -- Exporting webdriver.chrome.driver as D:\selenium-driver\chromedriver\win64\146.0.7680.80\chromedriver.exe
使用谷歌浏览器]]></system-out>
  </testcase>
  <testcase name="TC_LOGIN_018T(String)[1]" classname="cn.tcmeta.logintest.LoginTestApplicationTests" time="64.549">
    <system-out><![CDATA[密码校验_密码长度大于20位
打开登录界面
19:22:23.244 [ForkJoinPool-1-worker-6] INFO io.github.bonigarcia.wdm.WebDriverManager -- Using chromedriver 146.0.7680.80 (resolved driver for Chrome 146)
19:22:23.270 [ForkJoinPool-1-worker-6] INFO io.github.bonigarcia.wdm.WebDriverManager -- Exporting webdriver.chrome.driver as D:\selenium-driver\chromedriver\win64\146.0.7680.80\chromedriver.exe
]]></system-out>
    <system-err><![CDATA[3月 16, 2026 7:22:25 下午 org.openqa.selenium.devtools.CdpVersionFinder findNearestMatch
警告: Unable to find an exact match for CDP version 146, returning the closest version; found: 145; Please update to a Selenium version that supports CDP version 146
3月 16, 2026 7:22:26 下午 org.openqa.selenium.devtools.CdpVersionFinder findNearestMatch
警告: Unable to find an exact match for CDP version 146, returning the closest version; found: 145; Please update to a Selenium version that supports CDP version 146
]]></system-err>
  </testcase>
  <testcase name="TC_LOGIN_002T(WebDriver)" classname="cn.tcmeta.logintest.LoginTestApplicationTests" time="66.148">
    <system-out><![CDATA[使用火狐浏览器使用谷歌浏览器]]></system-out>
  </testcase>
  <testcase name="TC_LOGIN_005T(WebDriver)" classname="cn.tcmeta.logintest.LoginTestApplicationTests" time="61.623">
    <system-out><![CDATA[密码校验_密码包含非字母数字字符
打开登录界面
输入用户名
点击登录按钮
19:22:48.077 [ForkJoinPool-1-worker-5] INFO io.github.bonigarcia.wdm.WebDriverManager -- Using chromedriver 146.0.7680.80 (resolved driver for Chrome 146)
19:22:48.098 [ForkJoinPool-1-worker-5] INFO io.github.bonigarcia.wdm.WebDriverManager -- Exporting webdriver.chrome.driver as D:\selenium-driver\chromedriver\win64\146.0.7680.80\chromedriver.exe
使用谷歌浏览器]]></system-out>
  </testcase>
  <testcase name="TC_LOGIN_009T(WebDriver)" classname="cn.tcmeta.logintest.LoginTestApplicationTests" time="40.572">
    <system-out><![CDATA[密码校验_密码错误
打开登录界面
19:22:48.567 [ForkJoinPool-1-worker-2] INFO io.github.bonigarcia.wdm.WebDriverManager -- Using chromedriver 146.0.7680.80 (resolved driver for Chrome 146)
19:22:48.616 [ForkJoinPool-1-worker-2] INFO io.github.bonigarcia.wdm.WebDriverManager -- Exporting webdriver.chrome.driver as D:\selenium-driver\chromedriver\win64\146.0.7680.80\chromedriver.exe
使用谷歌浏览器]]></system-out>
  </testcase>
  <testcase name="TC_LOGIN_006T(WebDriver)" classname="cn.tcmeta.logintest.LoginTestApplicationTests" time="70.51">
    <system-out><![CDATA[自动登录_自动登录功能验证
打开登录界面
19:22:49.461 [ForkJoinPool-1-worker-8] INFO io.github.bonigarcia.wdm.WebDriverManager -- Using chromedriver 146.0.7680.80 (resolved driver for Chrome 146)
19:22:49.497 [ForkJoinPool-1-worker-8] INFO io.github.bonigarcia.wdm.WebDriverManager -- Exporting webdriver.chrome.driver as D:\selenium-driver\chromedriver\win64\146.0.7680.80\chromedriver.exe
使用谷歌浏览器]]></system-out>
    <system-err><![CDATA[3月 16, 2026 7:22:51 下午 org.openqa.selenium.devtools.CdpVersionFinder findNearestMatch
警告: Unable to find an exact match for CDP version 146, returning the closest version; found: 145; Please update to a Selenium version that supports CDP version 146
3月 16, 2026 7:22:52 下午 org.openqa.selenium.devtools.CdpVersionFinder findNearestMatch
警告: Unable to find an exact match for CDP version 146, returning the closest version; found: 145; Please update to a Selenium version that supports CDP version 146
3月 16, 2026 7:22:55 下午 org.openqa.selenium.devtools.CdpVersionFinder findNearestMatch
警告: Unable to find an exact match for CDP version 146, returning the closest version; found: 145; Please update to a Selenium version that supports CDP version 146
]]></system-err>
  </testcase>
  <testcase name="TC_LOGIN_010T(WebDriver)" classname="cn.tcmeta.logintest.LoginTestApplicationTests" time="54.674">
    <system-out><![CDATA[注册按钮_点击“立即注册”跳转
打开登录界面
19:22:57.479 [ForkJoinPool-1-worker-9] INFO io.github.bonigarcia.wdm.WebDriverManager -- Using chromedriver 146.0.7680.80 (resolved driver for Chrome 146)
19:22:57.522 [ForkJoinPool-1-worker-9] INFO io.github.bonigarcia.wdm.WebDriverManager -- Exporting webdriver.chrome.driver as D:\selenium-driver\chromedriver\win64\146.0.7680.80\chromedriver.exe
使用谷歌浏览器]]></system-out>
    <system-err><![CDATA[3月 16, 2026 7:23:02 下午 org.openqa.selenium.devtools.CdpVersionFinder findNearestMatch
警告: Unable to find an exact match for CDP version 146, returning the closest version; found: 145; Please update to a Selenium version that supports CDP version 146
]]></system-err>
  </testcase>
  <testcase name="TC_LOGIN_007T(WebDriver)" classname="cn.tcmeta.logintest.LoginTestApplicationTests" time="93.434">
    <system-out><![CDATA[退出功能_退出登录
打开登录界面
19:23:17.375 [ForkJoinPool-1-worker-3] INFO io.github.bonigarcia.wdm.WebDriverManager -- Using chromedriver 146.0.7680.80 (resolved driver for Chrome 146)
19:23:17.414 [ForkJoinPool-1-worker-3] INFO io.github.bonigarcia.wdm.WebDriverManager -- Exporting webdriver.chrome.driver as D:\selenium-driver\chromedriver\win64\146.0.7680.80\chromedriver.exe
使用谷歌浏览器]]></system-out>
    <system-err><![CDATA[3月 16, 2026 7:23:19 下午 org.openqa.selenium.devtools.CdpVersionFinder findNearestMatch
警告: Unable to find an exact match for CDP version 146, returning the closest version; found: 145; Please update to a Selenium version that supports CDP version 146
]]></system-err>
  </testcase>
  <testcase name="TC_LOGIN_008T(WebDriver)" classname="cn.tcmeta.logintest.LoginTestApplicationTests" time="96.478">
    <system-out><![CDATA[19:23:20.408 [ForkJoinPool-1-worker-6] INFO io.github.bonigarcia.wdm.WebDriverManager -- Using chromedriver 146.0.7680.80 (resolved driver for Chrome 146)
19:23:20.451 [ForkJoinPool-1-worker-6] INFO io.github.bonigarcia.wdm.WebDriverManager -- Exporting webdriver.chrome.driver as D:\selenium-driver\chromedriver\win64\146.0.7680.80\chromedriver.exe
使用谷歌浏览器]]></system-out>
    <system-err><![CDATA[3月 16, 2026 7:23:22 下午 org.openqa.selenium.devtools.CdpVersionFinder findNearestMatch
警告: Unable to find an exact match for CDP version 146, returning the closest version; found: 145; Please update to a Selenium version that supports CDP version 146
]]></system-err>
  </testcase>
  <testcase name="TC_LOGIN_011T(WebDriver)" classname="cn.tcmeta.logintest.LoginTestApplicationTests" time="61.012">
    <system-out><![CDATA[19:23:23.577 [ForkJoinPool-1-worker-5] INFO io.github.bonigarcia.wdm.WebDriverManager -- Using chromedriver 146.0.7680.80 (resolved driver for Chrome 146)
19:23:23.603 [ForkJoinPool-1-worker-5] INFO io.github.bonigarcia.wdm.WebDriverManager -- Exporting webdriver.chrome.driver as D:\selenium-driver\chromedriver\win64\146.0.7680.80\chromedriver.exe
使用谷歌浏览器]]></system-out>
  </testcase>
  <testcase name="TC_LOGIN_018T(String)[2]" classname="cn.tcmeta.logintest.LoginTestApplicationTests" time="47.448">
    <system-out><![CDATA[19:23:24.255 [ForkJoinPool-1-worker-7] INFO io.github.bonigarcia.wdm.WebDriverManager -- Using chromedriver 146.0.7680.80 (resolved driver for Chrome 146)
19:23:24.292 [ForkJoinPool-1-worker-7] INFO io.github.bonigarcia.wdm.WebDriverManager -- Exporting webdriver.chrome.driver as D:\selenium-driver\chromedriver\win64\146.0.7680.80\chromedriver.exe
]]></system-out>
    <system-err><![CDATA[3月 16, 2026 7:23:27 下午 org.openqa.selenium.devtools.CdpVersionFinder findNearestMatch
警告: Unable to find an exact match for CDP version 146, returning the closest version; found: 145; Please update to a Selenium version that supports CDP version 146
3月 16, 2026 7:23:30 下午 org.openqa.selenium.devtools.CdpVersionFinder findNearestMatch
警告: Unable to find an exact match for CDP version 146, returning the closest version; found: 145; Please update to a Selenium version that supports CDP version 146
]]></system-err>
  </testcase>
  <testcase name="TC_LOGIN_015T(WebDriver)" classname="cn.tcmeta.logintest.LoginTestApplicationTests" time="45.943">
    <system-out><![CDATA[使用edge浏览器19:23:34.254 [ForkJoinPool-1-worker-9] WARN io.github.bonigarcia.wdm.versions.VersionDetector -- Error reading commands.properties, using local instead
19:23:37.039 [ForkJoinPool-1-worker-9] INFO io.github.bonigarcia.wdm.WebDriverManager -- Using msedgedriver 146.0.3856.59 (resolved driver for Edge 146)
19:23:37.089 [ForkJoinPool-1-worker-9] INFO io.github.bonigarcia.wdm.WebDriverManager -- Exporting webdriver.edge.driver as D:\selenium-driver\msedgedriver\win64\146.0.3856.59\msedgedriver.exe
使用谷歌浏览器]]></system-out>
    <system-err><![CDATA[3月 16, 2026 7:23:41 下午 org.openqa.selenium.devtools.CdpVersionFinder findNearestMatch
警告: Unable to find an exact match for CDP version 146, returning the closest version; found: 145; Please update to a Selenium version that supports CDP version 146
]]></system-err>
  </testcase>
  <testcase name="TC_LOGIN_012T(WebDriver)" classname="cn.tcmeta.logintest.LoginTestApplicationTests" time="61.763">
    <system-out><![CDATA[19:23:43.504 [ForkJoinPool-1-worker-4] INFO io.github.bonigarcia.wdm.WebDriverManager -- Using chromedriver 146.0.7680.80 (resolved driver for Chrome 146)
19:23:43.531 [ForkJoinPool-1-worker-4] INFO io.github.bonigarcia.wdm.WebDriverManager -- Exporting webdriver.chrome.driver as D:\selenium-driver\chromedriver\win64\146.0.7680.80\chromedriver.exe
]]></system-out>
    <system-err><![CDATA[3月 16, 2026 7:23:46 下午 org.openqa.selenium.devtools.CdpVersionFinder findNearestMatch
警告: Unable to find an exact match for CDP version 146, returning the closest version; found: 145; Please update to a Selenium version that supports CDP version 146
]]></system-err>
  </testcase>
  <testcase name="TC_LOGIN_013T(WebDriver)" classname="cn.tcmeta.logintest.LoginTestApplicationTests" time="62.22"/>
  <testcase name="TC_LOGIN_016T(WebDriver)" classname="cn.tcmeta.logintest.LoginTestApplicationTests" time="36.911">
    <error message="stale element reference: stale element not found&#10;  (Session info: chrome=146.0.7680.80)&#10;For documentation on this error, please visit: https://www.selenium.dev/documentation/webdriver/troubleshooting/errors#staleelementreferenceexception&#10;Build info: version: &apos;4.41.0&apos;, revision: &apos;9fc754f&apos;&#10;System info: os.name: &apos;Windows 10&apos;, os.arch: &apos;amd64&apos;, os.version: &apos;10.0&apos;, java.version: &apos;21.0.4&apos;&#10;Driver info: org.openqa.selenium.chrome.ChromeDriver&#10;Command: [b94e799c8032ac70dfe7901ae0f36baa, getElementText {id=f.7FBAFBAF4D8F43A44F8215D9158D9BF0.d.80566635FE0A1FE8619F87D647CE0027.e.18}]&#10;Capabilities {acceptInsecureCerts: false, browserName: chrome, browserVersion: 146.0.7680.80, chrome: {chromedriverVersion: 146.0.7680.80 (f08938029c88..., userDataDir: C:\Users\asdf\AppData\Local...}, fedcm:accounts: true, goog:chromeOptions: {debuggerAddress: localhost:45777}, goog:processID: 9432, networkConnectionEnabled: false, pageLoadStrategy: normal, platformName: windows, proxy: Proxy(), se:cdp: ws://localhost:45777/devtoo..., se:cdpVersion: 146.0.7680.80, setWindowRect: true, strictFileInteractability: false, timeouts: {implicit: 0, pageLoad: 300000, script: 30000}, unhandledPromptBehavior: dismiss and notify, webauthn:extension:credBlob: true, webauthn:extension:largeBlob: true, webauthn:extension:minPinLength: true, webauthn:extension:prf: true, webauthn:virtualAuthenticators: true}&#10;Element: [[ChromeDriver: chrome on windows (b94e799c8032ac70dfe7901ae0f36baa)] -&gt; css selector: span[id=&apos;LabErr&apos;]]&#10;Session ID: b94e799c8032ac70dfe7901ae0f36baa" type="org.openqa.selenium.StaleElementReferenceException"><![CDATA[org.openqa.selenium.StaleElementReferenceException: 
stale element reference: stale element not found
  (Session info: chrome=146.0.7680.80)
For documentation on this error, please visit: https://www.selenium.dev/documentation/webdriver/troubleshooting/errors#staleelementreferenceexception
Build info: version: '4.41.0', revision: '9fc754f'
System info: os.name: 'Windows 10', os.arch: 'amd64', os.version: '10.0', java.version: '21.0.4'
Driver info: org.openqa.selenium.chrome.ChromeDriver
Command: [b94e799c8032ac70dfe7901ae0f36baa, getElementText {id=f.7FBAFBAF4D8F43A44F8215D9158D9BF0.d.80566635FE0A1FE8619F87D647CE0027.e.18}]
Capabilities {acceptInsecureCerts: false, browserName: chrome, browserVersion: 146.0.7680.80, chrome: {chromedriverVersion: 146.0.7680.80 (f08938029c88..., userDataDir: C:\Users\asdf\AppData\Local...}, fedcm:accounts: true, goog:chromeOptions: {debuggerAddress: localhost:45777}, goog:processID: 9432, networkConnectionEnabled: false, pageLoadStrategy: normal, platformName: windows, proxy: Proxy(), se:cdp: ws://localhost:45777/devtoo..., se:cdpVersion: 146.0.7680.80, setWindowRect: true, strictFileInteractability: false, timeouts: {implicit: 0, pageLoad: 300000, script: 30000}, unhandledPromptBehavior: dismiss and notify, webauthn:extension:credBlob: true, webauthn:extension:largeBlob: true, webauthn:extension:minPinLength: true, webauthn:extension:prf: true, webauthn:virtualAuthenticators: true}
Element: [[ChromeDriver: chrome on windows (b94e799c8032ac70dfe7901ae0f36baa)] -> css selector: span[id='LabErr']]
Session ID: b94e799c8032ac70dfe7901ae0f36baa
	at org.openqa.selenium.remote.ErrorCodec.decode(ErrorCodec.java:169)
	at org.openqa.selenium.remote.codec.w3c.W3CHttpResponseCodec.decode(W3CHttpResponseCodec.java:142)
	at org.openqa.selenium.remote.codec.w3c.W3CHttpResponseCodec.decode(W3CHttpResponseCodec.java:49)
	at org.openqa.selenium.remote.HttpCommandExecutor.execute(HttpCommandExecutor.java:223)
	at org.openqa.selenium.remote.service.DriverCommandExecutor.invokeExecute(DriverCommandExecutor.java:216)
	at org.openqa.selenium.remote.service.DriverCommandExecutor.execute(DriverCommandExecutor.java:174)
	at org.openqa.selenium.remote.RemoteWebDriver.execute(RemoteWebDriver.java:604)
	at org.openqa.selenium.remote.RemoteWebElement.execute(RemoteWebElement.java:223)
	at org.openqa.selenium.remote.RemoteWebElement.getText(RemoteWebElement.java:191)
	at cn.tcmeta.logintest.TestPages.LoginPage.lambda$login$1(LoginPage.java:62)
	at org.openqa.selenium.support.ui.FluentWait.until(FluentWait.java:209)
	at cn.tcmeta.logintest.TestPages.LoginPage.login(LoginPage.java:64)
	at cn.tcmeta.logintest.LoginTestApplicationTests.TC_LOGIN_016T(LoginTestApplicationTests.java:524)
	at java.base/jdk.internal.reflect.DirectMethodHandleAccessor.invoke(DirectMethodHandleAccessor.java:103)
	at java.base/java.lang.reflect.Method.invoke(Method.java:580)
	at org.junit.platform.commons.util.ReflectionUtils.invokeMethod(ReflectionUtils.java:727)
	at org.junit.jupiter.engine.execution.MethodInvocation.proceed(MethodInvocation.java:60)
	at org.junit.jupiter.engine.execution.InvocationInterceptorChain$ValidatingInvocation.proceed(InvocationInterceptorChain.java:131)
	at org.junit.jupiter.engine.extension.TimeoutExtension.intercept(TimeoutExtension.java:156)
	at org.junit.jupiter.engine.extension.TimeoutExtension.interceptTestableMethod(TimeoutExtension.java:147)
	at org.junit.jupiter.engine.extension.TimeoutExtension.interceptTestMethod(TimeoutExtension.java:86)
	at org.junit.jupiter.engine.execution.InterceptingExecutableInvoker$ReflectiveInterceptorCall.lambda$ofVoidMethod$0(InterceptingExecutableInvoker.java:103)
	at org.junit.jupiter.engine.execution.InterceptingExecutableInvoker.lambda$invoke$0(InterceptingExecutableInvoker.java:93)
	at org.junit.jupiter.engine.execution.InvocationInterceptorChain$InterceptedInvocation.proceed(InvocationInterceptorChain.java:106)
	at org.junit.jupiter.engine.execution.InvocationInterceptorChain.proceed(InvocationInterceptorChain.java:64)
	at org.junit.jupiter.engine.execution.InvocationInterceptorChain.chainAndInvoke(InvocationInterceptorChain.java:45)
	at org.junit.jupiter.engine.execution.InvocationInterceptorChain.invoke(InvocationInterceptorChain.java:37)
	at org.junit.jupiter.engine.execution.InterceptingExecutableInvoker.invoke(InterceptingExecutableInvoker.java:92)
	at org.junit.jupiter.engine.execution.InterceptingExecutableInvoker.invoke(InterceptingExecutableInvoker.java:86)
	at org.junit.jupiter.engine.descriptor.TestMethodTestDescriptor.lambda$invokeTestMethod$7(TestMethodTestDescriptor.java:217)
	at org.junit.platform.engine.support.hierarchical.ThrowableCollector.execute(ThrowableCollector.java:73)
	at org.junit.jupiter.engine.descriptor.TestMethodTestDescriptor.invokeTestMethod(TestMethodTestDescriptor.java:213)
	at org.junit.jupiter.engine.descriptor.TestMethodTestDescriptor.execute(TestMethodTestDescriptor.java:138)
	at org.junit.jupiter.engine.descriptor.TestMethodTestDescriptor.execute(TestMethodTestDescriptor.java:68)
	at org.junit.platform.engine.support.hierarchical.NodeTestTask.lambda$executeRecursively$6(NodeTestTask.java:151)
	at org.junit.platform.engine.support.hierarchical.ThrowableCollector.execute(ThrowableCollector.java:73)
	at org.junit.platform.engine.support.hierarchical.NodeTestTask.lambda$executeRecursively$8(NodeTestTask.java:141)
	at org.junit.platform.engine.support.hierarchical.Node.around(Node.java:137)
	at org.junit.platform.engine.support.hierarchical.NodeTestTask.lambda$executeRecursively$9(NodeTestTask.java:139)
	at org.junit.platform.engine.support.hierarchical.ThrowableCollector.execute(ThrowableCollector.java:73)
	at org.junit.platform.engine.support.hierarchical.NodeTestTask.executeRecursively(NodeTestTask.java:138)
	at org.junit.platform.engine.support.hierarchical.NodeTestTask.execute(NodeTestTask.java:95)
	at org.junit.platform.engine.support.hierarchical.ForkJoinPoolHierarchicalTestExecutorService$ExclusiveTask.compute(ForkJoinPoolHierarchicalTestExecutorService.java:202)
	at java.base/java.util.concurrent.RecursiveAction.exec(RecursiveAction.java:194)
	at java.base/java.util.concurrent.ForkJoinTask.doExec(ForkJoinTask.java:387)
	at java.base/java.util.concurrent.ForkJoinPool$WorkQueue.topLevelExec(ForkJoinPool.java:1312)
	at java.base/java.util.concurrent.ForkJoinPool.scan(ForkJoinPool.java:1843)
	at java.base/java.util.concurrent.ForkJoinPool.runWorker(ForkJoinPool.java:1808)
	at java.base/java.util.concurrent.ForkJoinWorkerThread.run(ForkJoinWorkerThread.java:188)
]]></error>
    <system-out><![CDATA[勾选自动登录
]]></system-out>
  </testcase>
  <testcase name="TC_LOGIN_018T(String)[3]" classname="cn.tcmeta.logintest.LoginTestApplicationTests" time="33.614"/>
  <testcase name="TC_LOGIN_014T(WebDriver)" classname="cn.tcmeta.logintest.LoginTestApplicationTests" time="79.137">
    <error message="Session ID is null. Using WebDriver after calling quit()?&#10;Build info: version: &apos;4.41.0&apos;, revision: &apos;9fc754f&apos;&#10;System info: os.name: &apos;Windows 10&apos;, os.arch: &apos;amd64&apos;, os.version: &apos;10.0&apos;, java.version: &apos;21.0.4&apos;&#10;Driver info: org.openqa.selenium.chrome.ChromeDriver&#10;Command: [null, screenshot {}]&#10;Capabilities {acceptInsecureCerts: false, browserName: chrome, browserVersion: 146.0.7680.80, chrome: {chromedriverVersion: 146.0.7680.80 (f08938029c88..., userDataDir: C:\Users\asdf\AppData\Local...}, fedcm:accounts: true, goog:chromeOptions: {debuggerAddress: localhost:46152}, goog:processID: 37020, networkConnectionEnabled: false, pageLoadStrategy: normal, platformName: windows, proxy: Proxy(), se:cdp: ws://localhost:46152/devtoo..., se:cdpVersion: 146.0.7680.80, setWindowRect: true, strictFileInteractability: false, timeouts: {implicit: 0, pageLoad: 300000, script: 30000}, unhandledPromptBehavior: dismiss and notify, webauthn:extension:credBlob: true, webauthn:extension:largeBlob: true, webauthn:extension:minPinLength: true, webauthn:extension:prf: true, webauthn:virtualAuthenticators: true}" type="org.openqa.selenium.NoSuchSessionException"><![CDATA[org.openqa.selenium.NoSuchSessionException: 
Session ID is null. Using WebDriver after calling quit()?
Build info: version: '4.41.0', revision: '9fc754f'
System info: os.name: 'Windows 10', os.arch: 'amd64', os.version: '10.0', java.version: '21.0.4'
Driver info: org.openqa.selenium.chrome.ChromeDriver
Command: [null, screenshot {}]
Capabilities {acceptInsecureCerts: false, browserName: chrome, browserVersion: 146.0.7680.80, chrome: {chromedriverVersion: 146.0.7680.80 (f08938029c88..., userDataDir: C:\Users\asdf\AppData\Local...}, fedcm:accounts: true, goog:chromeOptions: {debuggerAddress: localhost:46152}, goog:processID: 37020, networkConnectionEnabled: false, pageLoadStrategy: normal, platformName: windows, proxy: Proxy(), se:cdp: ws://localhost:46152/devtoo..., se:cdpVersion: 146.0.7680.80, setWindowRect: true, strictFileInteractability: false, timeouts: {implicit: 0, pageLoad: 300000, script: 30000}, unhandledPromptBehavior: dismiss and notify, webauthn:extension:credBlob: true, webauthn:extension:largeBlob: true, webauthn:extension:minPinLength: true, webauthn:extension:prf: true, webauthn:virtualAuthenticators: true}
	at org.openqa.selenium.remote.HttpCommandExecutor.execute(HttpCommandExecutor.java:184)
	at org.openqa.selenium.remote.service.DriverCommandExecutor.invokeExecute(DriverCommandExecutor.java:216)
	at org.openqa.selenium.remote.service.DriverCommandExecutor.execute(DriverCommandExecutor.java:174)
	at org.openqa.selenium.remote.RemoteWebDriver.execute(RemoteWebDriver.java:604)
	at org.openqa.selenium.remote.RemoteWebDriver.execute(RemoteWebDriver.java:686)
	at org.openqa.selenium.remote.RemoteWebDriver.execute(RemoteWebDriver.java:690)
	at org.openqa.selenium.remote.RemoteWebDriver.getScreenshotAs(RemoteWebDriver.java:393)
	at cn.tcmeta.logintest.Tools.AutoScreenshot.FullPageScreenshot.fullPageScreenshot(FullPageScreenshot.java:31)
	at cn.tcmeta.logintest.Tools.AutoScreenshot.AutoScreenshotExtension.handleTestExecutionException(AutoScreenshotExtension.java:37)
	at org.junit.jupiter.engine.descriptor.TestMethodTestDescriptor.lambda$invokeTestExecutionExceptionHandlers$8(TestMethodTestDescriptor.java:231)
	at org.junit.jupiter.engine.descriptor.JupiterTestDescriptor.invokeExecutionExceptionHandlers(JupiterTestDescriptor.java:123)
	at org.junit.jupiter.engine.descriptor.JupiterTestDescriptor.invokeExecutionExceptionHandlers(JupiterTestDescriptor.java:110)
	at org.junit.jupiter.engine.descriptor.TestMethodTestDescriptor.invokeTestExecutionExceptionHandlers(TestMethodTestDescriptor.java:230)
	at org.junit.jupiter.engine.descriptor.TestMethodTestDescriptor.lambda$invokeTestMethod$7(TestMethodTestDescriptor.java:222)
	at org.junit.platform.engine.support.hierarchical.ThrowableCollector.execute(ThrowableCollector.java:73)
	at org.junit.jupiter.engine.descriptor.TestMethodTestDescriptor.invokeTestMethod(TestMethodTestDescriptor.java:213)
	at org.junit.jupiter.engine.descriptor.TestMethodTestDescriptor.execute(TestMethodTestDescriptor.java:138)
	at org.junit.jupiter.engine.descriptor.TestMethodTestDescriptor.execute(TestMethodTestDescriptor.java:68)
	at org.junit.platform.engine.support.hierarchical.NodeTestTask.lambda$executeRecursively$6(NodeTestTask.java:151)
	at org.junit.platform.engine.support.hierarchical.ThrowableCollector.execute(ThrowableCollector.java:73)
	at org.junit.platform.engine.support.hierarchical.NodeTestTask.lambda$executeRecursively$8(NodeTestTask.java:141)
	at org.junit.platform.engine.support.hierarchical.Node.around(Node.java:137)
	at org.junit.platform.engine.support.hierarchical.NodeTestTask.lambda$executeRecursively$9(NodeTestTask.java:139)
	at org.junit.platform.engine.support.hierarchical.ThrowableCollector.execute(ThrowableCollector.java:73)
	at org.junit.platform.engine.support.hierarchical.NodeTestTask.executeRecursively(NodeTestTask.java:138)
	at org.junit.platform.engine.support.hierarchical.NodeTestTask.execute(NodeTestTask.java:95)
	at org.junit.platform.engine.support.hierarchical.ForkJoinPoolHierarchicalTestExecutorService$ExclusiveTask.compute(ForkJoinPoolHierarchicalTestExecutorService.java:202)
	at java.base/java.util.concurrent.RecursiveAction.exec(RecursiveAction.java:194)
	at java.base/java.util.concurrent.ForkJoinTask.doExec(ForkJoinTask.java:387)
	at java.base/java.util.concurrent.ForkJoinPool$WorkQueue.topLevelExec(ForkJoinPool.java:1312)
	at java.base/java.util.concurrent.ForkJoinPool.scan(ForkJoinPool.java:1843)
	at java.base/java.util.concurrent.ForkJoinPool.runWorker(ForkJoinPool.java:1808)
	at java.base/java.util.concurrent.ForkJoinWorkerThread.run(ForkJoinWorkerThread.java:188)
]]></error>
    <system-out><![CDATA[登录Cookie已保存至：C:\Users\asdf\Desktop\LoginTest\src\test\test_results\login_cookie\chrome146浏览器2026-03-16_19-24-08-068.data
]]></system-out>
  </testcase>
</testsuite>